  main.cpp
d:\self-drivingcar\carnd-extended-kalman-filter-project\src\extended-kalman-filter\main.cpp(14): error C2653: 'nlohmann': is not a class or namespace name
d:\self-drivingcar\carnd-extended-kalman-filter-project\src\extended-kalman-filter\main.cpp(14): error C2061: syntax error: identifier 'json'
d:\self-drivingcar\carnd-extended-kalman-filter-project\src\extended-kalman-filter\main.cpp(19): error C2039: 'string': is not a member of 'std'
  d:\self-drivingcar\carnd-extended-kalman-filter-project\src\extended-kalman-filter\predefined c++ types (compiler internal)(208): note: see declaration of 'std'
d:\self-drivingcar\carnd-extended-kalman-filter-project\src\extended-kalman-filter\main.cpp(19): error C4430: missing type specifier - int assumed. Note: C++ does not support default-int
d:\self-drivingcar\carnd-extended-kalman-filter-project\src\extended-kalman-filter\main.cpp(19): error C2146: syntax error: missing ';' before identifier 'hasData'
d:\self-drivingcar\carnd-extended-kalman-filter-project\src\extended-kalman-filter\main.cpp(19): error C2143: syntax error: missing ';' before '{'
d:\self-drivingcar\carnd-extended-kalman-filter-project\src\extended-kalman-filter\main.cpp(19): error C2447: '{': missing function header (old-style formal list?)
d:\self-drivingcar\carnd-extended-kalman-filter-project\src\extended-kalman-filter\main.cpp(34): error C2653: 'uWS': is not a class or namespace name
d:\self-drivingcar\carnd-extended-kalman-filter-project\src\extended-kalman-filter\main.cpp(34): error C2065: 'Hub': undeclared identifier
d:\self-drivingcar\carnd-extended-kalman-filter-project\src\extended-kalman-filter\main.cpp(34): error C2146: syntax error: missing ';' before identifier 'h'
d:\self-drivingcar\carnd-extended-kalman-filter-project\src\extended-kalman-filter\main.cpp(34): error C2065: 'h': undeclared identifier
d:\self-drivingcar\carnd-extended-kalman-filter-project\src\extended-kalman-filter\main.cpp(37): error C2065: 'FusionEKF': undeclared identifier
d:\self-drivingcar\carnd-extended-kalman-filter-project\src\extended-kalman-filter\main.cpp(37): error C2146: syntax error: missing ';' before identifier 'fusionEKF'
d:\self-drivingcar\carnd-extended-kalman-filter-project\src\extended-kalman-filter\main.cpp(37): error C2065: 'fusionEKF': undeclared identifier
d:\self-drivingcar\carnd-extended-kalman-filter-project\src\extended-kalman-filter\main.cpp(40): error C2065: 'Tools': undeclared identifier
d:\self-drivingcar\carnd-extended-kalman-filter-project\src\extended-kalman-filter\main.cpp(40): error C2146: syntax error: missing ';' before identifier 'tools'
d:\self-drivingcar\carnd-extended-kalman-filter-project\src\extended-kalman-filter\main.cpp(40): error C2065: 'tools': undeclared identifier
d:\self-drivingcar\carnd-extended-kalman-filter-project\src\extended-kalman-filter\main.cpp(41): error C2065: 'vector': undeclared identifier
d:\self-drivingcar\carnd-extended-kalman-filter-project\src\extended-kalman-filter\main.cpp(41): error C2065: 'VectorXd': undeclared identifier
d:\self-drivingcar\carnd-extended-kalman-filter-project\src\extended-kalman-filter\main.cpp(41): error C2065: 'estimations': undeclared identifier
d:\self-drivingcar\carnd-extended-kalman-filter-project\src\extended-kalman-filter\main.cpp(42): error C2065: 'vector': undeclared identifier
d:\self-drivingcar\carnd-extended-kalman-filter-project\src\extended-kalman-filter\main.cpp(42): error C2065: 'VectorXd': undeclared identifier
d:\self-drivingcar\carnd-extended-kalman-filter-project\src\extended-kalman-filter\main.cpp(42): error C2065: 'ground_truth': undeclared identifier
d:\self-drivingcar\carnd-extended-kalman-filter-project\src\extended-kalman-filter\main.cpp(43): error C2065: 'h': undeclared identifier
d:\self-drivingcar\carnd-extended-kalman-filter-project\src\extended-kalman-filter\main.cpp(43): error C2228: left of '.onMessage' must have class/struct/union
  d:\self-drivingcar\carnd-extended-kalman-filter-project\src\extended-kalman-filter\main.cpp(43): note: type is 'unknown-type'
d:\self-drivingcar\carnd-extended-kalman-filter-project\src\extended-kalman-filter\main.cpp(43): error C3481: 'fusionEKF': lambda capture variable not found
d:\self-drivingcar\carnd-extended-kalman-filter-project\src\extended-kalman-filter\main.cpp(43): error C3481: 'tools': lambda capture variable not found
d:\self-drivingcar\carnd-extended-kalman-filter-project\src\extended-kalman-filter\main.cpp(43): error C3481: 'estimations': lambda capture variable not found
d:\self-drivingcar\carnd-extended-kalman-filter-project\src\extended-kalman-filter\main.cpp(43): error C3481: 'ground_truth': lambda capture variable not found
d:\self-drivingcar\carnd-extended-kalman-filter-project\src\extended-kalman-filter\main.cpp(43): error C2653: 'uWS': is not a class or namespace name
d:\self-drivingcar\carnd-extended-kalman-filter-project\src\extended-kalman-filter\main.cpp(43): error C2061: syntax error: identifier 'WebSocket'
d:\self-drivingcar\carnd-extended-kalman-filter-project\src\extended-kalman-filter\main.cpp(48): error C2065: 'length': undeclared identifier
d:\self-drivingcar\carnd-extended-kalman-filter-project\src\extended-kalman-filter\main.cpp(48): error C2065: 'data': undeclared identifier
d:\self-drivingcar\carnd-extended-kalman-filter-project\src\extended-kalman-filter\main.cpp(51): error C2039: 'string': is not a member of 'std'
  d:\self-drivingcar\carnd-extended-kalman-filter-project\src\extended-kalman-filter\predefined c++ types (compiler internal)(208): note: see declaration of 'std'
d:\self-drivingcar\carnd-extended-kalman-filter-project\src\extended-kalman-filter\main.cpp(51): error C2065: 'data': undeclared identifier
d:\self-drivingcar\carnd-extended-kalman-filter-project\src\extended-kalman-filter\main.cpp(51): error C3861: 'hasData': identifier not found
d:\self-drivingcar\carnd-extended-kalman-filter-project\src\extended-kalman-filter\main.cpp(54): error C2653: 'json': is not a class or namespace name
d:\self-drivingcar\carnd-extended-kalman-filter-project\src\extended-kalman-filter\main.cpp(54): error C3861: 'parse': identifier not found
d:\self-drivingcar\carnd-extended-kalman-filter-project\src\extended-kalman-filter\main.cpp(56): error C2039: 'string': is not a member of 'std'
  d:\self-drivingcar\carnd-extended-kalman-filter-project\src\extended-kalman-filter\predefined c++ types (compiler internal)(208): note: see declaration of 'std'
d:\self-drivingcar\carnd-extended-kalman-filter-project\src\extended-kalman-filter\main.cpp(56): error C2146: syntax error: missing ';' before identifier 'event'
d:\self-drivingcar\carnd-extended-kalman-filter-project\src\extended-kalman-filter\main.cpp(56): error C2065: 'event': undeclared identifier
d:\self-drivingcar\carnd-extended-kalman-filter-project\src\extended-kalman-filter\main.cpp(56): error C2228: left of '.get' must have class/struct/union
d:\self-drivingcar\carnd-extended-kalman-filter-project\src\extended-kalman-filter\main.cpp(56): error C2059: syntax error: ')'
d:\self-drivingcar\carnd-extended-kalman-filter-project\src\extended-kalman-filter\main.cpp(58): error C2065: 'event': undeclared identifier
d:\self-drivingcar\carnd-extended-kalman-filter-project\src\extended-kalman-filter\main.cpp(61): error C2146: syntax error: missing ';' before identifier 'sensor_measurment'
d:\self-drivingcar\carnd-extended-kalman-filter-project\src\extended-kalman-filter\main.cpp(61): error C2065: 'sensor_measurment': undeclared identifier
d:\self-drivingcar\carnd-extended-kalman-filter-project\src\extended-kalman-filter\main.cpp(63): error C2065: 'MeasurementPackage': undeclared identifier
d:\self-drivingcar\carnd-extended-kalman-filter-project\src\extended-kalman-filter\main.cpp(63): error C2146: syntax error: missing ';' before identifier 'meas_package'
d:\self-drivingcar\carnd-extended-kalman-filter-project\src\extended-kalman-filter\main.cpp(63): error C2065: 'meas_package': undeclared identifier
d:\self-drivingcar\carnd-extended-kalman-filter-project\src\extended-kalman-filter\main.cpp(64): error C2065: 'istringstream': undeclared identifier
d:\self-drivingcar\carnd-extended-kalman-filter-project\src\extended-kalman-filter\main.cpp(64): error C2146: syntax error: missing ';' before identifier 'iss'
d:\self-drivingcar\carnd-extended-kalman-filter-project\src\extended-kalman-filter\main.cpp(64): error C2065: 'sensor_measurment': undeclared identifier
d:\self-drivingcar\carnd-extended-kalman-filter-project\src\extended-kalman-filter\main.cpp(64): error C3861: 'iss': identifier not found
d:\self-drivingcar\carnd-extended-kalman-filter-project\src\extended-kalman-filter\main.cpp(68): error C2146: syntax error: missing ';' before identifier 'sensor_type'
d:\self-drivingcar\carnd-extended-kalman-filter-project\src\extended-kalman-filter\main.cpp(68): error C2065: 'sensor_type': undeclared identifier
d:\self-drivingcar\carnd-extended-kalman-filter-project\src\extended-kalman-filter\main.cpp(69): error C2065: 'iss': undeclared identifier
d:\self-drivingcar\carnd-extended-kalman-filter-project\src\extended-kalman-filter\main.cpp(69): error C2065: 'sensor_type': undeclared identifier
d:\self-drivingcar\carnd-extended-kalman-filter-project\src\extended-kalman-filter\main.cpp(71): error C2065: 'sensor_type': undeclared identifier
d:\self-drivingcar\carnd-extended-kalman-filter-project\src\extended-kalman-filter\main.cpp(71): error C2228: left of '.compare' must have class/struct/union
  d:\self-drivingcar\carnd-extended-kalman-filter-project\src\extended-kalman-filter\main.cpp(71): note: type is 'unknown-type'
d:\self-drivingcar\carnd-extended-kalman-filter-project\src\extended-kalman-filter\main.cpp(72): error C2065: 'meas_package': undeclared identifier
d:\self-drivingcar\carnd-extended-kalman-filter-project\src\extended-kalman-filter\main.cpp(72): error C2228: left of '.sensor_type_' must have class/struct/union
  d:\self-drivingcar\carnd-extended-kalman-filter-project\src\extended-kalman-filter\main.cpp(72): note: type is 'unknown-type'
d:\self-drivingcar\carnd-extended-kalman-filter-project\src\extended-kalman-filter\main.cpp(72): error C2653: 'MeasurementPackage': is not a class or namespace name
d:\self-drivingcar\carnd-extended-kalman-filter-project\src\extended-kalman-filter\main.cpp(72): error C2065: 'LASER': undeclared identifier
d:\self-drivingcar\carnd-extended-kalman-filter-project\src\extended-kalman-filter\main.cpp(73): error C2065: 'meas_package': undeclared identifier
d:\self-drivingcar\carnd-extended-kalman-filter-project\src\extended-kalman-filter\main.cpp(73): error C2228: left of '.raw_measurements_' must have class/struct/union
  d:\self-drivingcar\carnd-extended-kalman-filter-project\src\extended-kalman-filter\main.cpp(73): note: type is 'unknown-type'
d:\self-drivingcar\carnd-extended-kalman-filter-project\src\extended-kalman-filter\main.cpp(73): error C3861: 'VectorXd': identifier not found
d:\self-drivingcar\carnd-extended-kalman-filter-project\src\extended-kalman-filter\main.cpp(76): error C2065: 'iss': undeclared identifier
d:\self-drivingcar\carnd-extended-kalman-filter-project\src\extended-kalman-filter\main.cpp(77): error C2065: 'iss': undeclared identifier
d:\self-drivingcar\carnd-extended-kalman-filter-project\src\extended-kalman-filter\main.cpp(78): error C2065: 'meas_package': undeclared identifier
d:\self-drivingcar\carnd-extended-kalman-filter-project\src\extended-kalman-filter\main.cpp(78): error C2228: left of '.raw_measurements_' must have class/struct/union
  d:\self-drivingcar\carnd-extended-kalman-filter-project\src\extended-kalman-filter\main.cpp(78): note: type is 'unknown-type'
d:\self-drivingcar\carnd-extended-kalman-filter-project\src\extended-kalman-filter\main.cpp(79): error C2065: 'iss': undeclared identifier
d:\self-drivingcar\carnd-extended-kalman-filter-project\src\extended-kalman-filter\main.cpp(80): error C2065: 'meas_package': undeclared identifier
d:\self-drivingcar\carnd-extended-kalman-filter-project\src\extended-kalman-filter\main.cpp(80): error C2228: left of '.timestamp_' must have class/struct/union
  d:\self-drivingcar\carnd-extended-kalman-filter-project\src\extended-kalman-filter\main.cpp(80): note: type is 'unknown-type'
d:\self-drivingcar\carnd-extended-kalman-filter-project\src\extended-kalman-filter\main.cpp(82): error C2065: 'sensor_type': undeclared identifier
d:\self-drivingcar\carnd-extended-kalman-filter-project\src\extended-kalman-filter\main.cpp(82): error C2228: left of '.compare' must have class/struct/union
  d:\self-drivingcar\carnd-extended-kalman-filter-project\src\extended-kalman-filter\main.cpp(82): note: type is 'unknown-type'
d:\self-drivingcar\carnd-extended-kalman-filter-project\src\extended-kalman-filter\main.cpp(84): error C2065: 'meas_package': undeclared identifier
d:\self-drivingcar\carnd-extended-kalman-filter-project\src\extended-kalman-filter\main.cpp(84): error C2228: left of '.sensor_type_' must have class/struct/union
  d:\self-drivingcar\carnd-extended-kalman-filter-project\src\extended-kalman-filter\main.cpp(84): note: type is 'unknown-type'
d:\self-drivingcar\carnd-extended-kalman-filter-project\src\extended-kalman-filter\main.cpp(84): error C2653: 'MeasurementPackage': is not a class or namespace name
d:\self-drivingcar\carnd-extended-kalman-filter-project\src\extended-kalman-filter\main.cpp(84): error C2065: 'RADAR': undeclared identifier
d:\self-drivingcar\carnd-extended-kalman-filter-project\src\extended-kalman-filter\main.cpp(85): error C2065: 'meas_package': undeclared identifier
d:\self-drivingcar\carnd-extended-kalman-filter-project\src\extended-kalman-filter\main.cpp(85): error C2228: left of '.raw_measurements_' must have class/struct/union
  d:\self-drivingcar\carnd-extended-kalman-filter-project\src\extended-kalman-filter\main.cpp(85): note: type is 'unknown-type'
d:\self-drivingcar\carnd-extended-kalman-filter-project\src\extended-kalman-filter\main.cpp(85): error C3861: 'VectorXd': identifier not found
d:\self-drivingcar\carnd-extended-kalman-filter-project\src\extended-kalman-filter\main.cpp(89): error C2065: 'iss': undeclared identifier
d:\self-drivingcar\carnd-extended-kalman-filter-project\src\extended-kalman-filter\main.cpp(90): error C2065: 'iss': undeclared identifier
d:\self-drivingcar\carnd-extended-kalman-filter-project\src\extended-kalman-filter\main.cpp(91): error C2065: 'iss': undeclared identifier
d:\self-drivingcar\carnd-extended-kalman-filter-project\src\extended-kalman-filter\main.cpp(92): error C2065: 'meas_package': undeclared identifier
d:\self-drivingcar\carnd-extended-kalman-filter-project\src\extended-kalman-filter\main.cpp(92): error C2228: left of '.raw_measurements_' must have class/struct/union
  d:\self-drivingcar\carnd-extended-kalman-filter-project\src\extended-kalman-filter\main.cpp(92): note: type is 'unknown-type'
d:\self-drivingcar\carnd-extended-kalman-filter-project\src\extended-kalman-filter\main.cpp(93): error C2065: 'iss': undeclared identifier
d:\self-drivingcar\carnd-extended-kalman-filter-project\src\extended-kalman-filter\main.cpp(94): error C2065: 'meas_package': undeclared identifier
d:\self-drivingcar\carnd-extended-kalman-filter-project\src\extended-kalman-filter\main.cpp(94): error C2228: left of '.timestamp_' must have class/struct/union
  d:\self-drivingcar\carnd-extended-kalman-filter-project\src\extended-kalman-filter\main.cpp(94): note: type is 'unknown-type'
d:\self-drivingcar\carnd-extended-kalman-filter-project\src\extended-kalman-filter\main.cpp(100): error C2065: 'iss': undeclared identifier
d:\self-drivingcar\carnd-extended-kalman-filter-project\src\extended-kalman-filter\main.cpp(101): error C2065: 'iss': undeclared identifier
d:\self-drivingcar\carnd-extended-kalman-filter-project\src\extended-kalman-filter\main.cpp(102): error C2065: 'iss': undeclared identifier
d:\self-drivingcar\carnd-extended-kalman-filter-project\src\extended-kalman-filter\main.cpp(103): error C2065: 'iss': undeclared identifier
d:\self-drivingcar\carnd-extended-kalman-filter-project\src\extended-kalman-filter\main.cpp(104): error C2065: 'VectorXd': undeclared identifier
d:\self-drivingcar\carnd-extended-kalman-filter-project\src\extended-kalman-filter\main.cpp(104): error C2146: syntax error: missing ';' before identifier 'gt_values'
d:\self-drivingcar\carnd-extended-kalman-filter-project\src\extended-kalman-filter\main.cpp(104): error C3861: 'gt_values': identifier not found
d:\self-drivingcar\carnd-extended-kalman-filter-project\src\extended-kalman-filter\main.cpp(105): error C3861: 'gt_values': identifier not found
d:\self-drivingcar\carnd-extended-kalman-filter-project\src\extended-kalman-filter\main.cpp(106): error C3861: 'gt_values': identifier not found
d:\self-drivingcar\carnd-extended-kalman-filter-project\src\extended-kalman-filter\main.cpp(107): error C3861: 'gt_values': identifier not found
d:\self-drivingcar\carnd-extended-kalman-filter-project\src\extended-kalman-filter\main.cpp(108): error C3861: 'gt_values': identifier not found
d:\self-drivingcar\carnd-extended-kalman-filter-project\src\extended-kalman-filter\main.cpp(109): error C2228: left of '.push_back' must have class/struct/union
d:\self-drivingcar\carnd-extended-kalman-filter-project\src\extended-kalman-filter\main.cpp(109): fatal error C1003: error count exceeds 100; stopping compilation
